<?xml version="1.0" encoding="UTF-8"?>
<!-- Generated by org.testng.reporters.JUnitReportReporter -->
<testsuite skipped="0" hostname="DESKTOP-1GVOOA8" name="test.scenarios.UserTestSteps" tests="11" failures="0" timestamp="03 Mar 2021 18:39:32 GMT" time="94.112" errors="0">
  <testcase name="deletePost" time="0.698" classname="test.scenarios.UserTestSteps"/>
  <testcase name="createPost" time="2.406" classname="test.scenarios.UserTestSteps"/>
  <testcase name="getPhotosForSpecificAlbum" time="0.430" classname="test.scenarios.UserTestSteps"/>
  <testcase name="fetchCommentsAndValidateEmail" time="51.531" classname="test.scenarios.UserTestSteps"/>
  <testcase name="getallAlbums" time="0.490" classname="test.scenarios.UserTestSteps"/>
  <testcase name="getallTodos" time="1.469" classname="test.scenarios.UserTestSteps"/>
  <testcase name="getTodosForUser" time="0.973" classname="test.scenarios.UserTestSteps"/>
  <testcase name="getallPhotos" time="5.336" classname="test.scenarios.UserTestSteps"/>
  <testcase name="searchPostsByUser" time="1.831" classname="test.scenarios.UserTestSteps"/>
  <testcase name="getAlbumsForSpecificUser" time="0.930" classname="test.scenarios.UserTestSteps"/>
  <testcase name="checkUserExistence" time="28.018" classname="test.scenarios.UserTestSteps"/>
</testsuite> <!-- test.scenarios.UserTestSteps -->
